[INFO] 2025-04-22 01:13:37 - Total de Productos recuperados en Diarco: 14592
[INFO] 2025-04-22 01:14:22 - Total de Productos recuperados en Diarco: 14592
[INFO] 2025-04-22 01:17:31 - Total de Productos recuperados en Diarco: 14592
[INFO] 2025-04-22 01:18:08 - Cantidad de productos a insertar: 0
[INFO] 2025-04-22 01:19:52 - Total de Productos recuperados en Diarco: 14592
[INFO] 2025-04-22 01:20:30 - Cantidad de productos a insertar: 0
[INFO] 2025-04-22 01:26:16 - Total de Productos recuperados en Diarco: 14592
[INFO] 2025-04-22 01:26:53 - Cantidad de productos a insertar: 0
[INFO] 2025-04-22 01:26:53 - Cantidad de productos a modificar: 14592
[INFO] 2025-04-22 01:27:38 - Cantidad de productos no categorizados: 493
[INFO] 2025-04-22 01:29:22 - Total de Productos recuperados en Diarco: 14592
[INFO] 2025-04-22 01:29:57 - Cantidad de productos a insertar: 0
[INFO] 2025-04-22 01:29:57 - Cantidad de productos a modificar: 14592
[INFO] 2025-04-22 01:30:42 - Cantidad de productos no categorizados: 493
[INFO] 2025-04-22 01:36:20 - Total de Productos recuperados en Diarco: 14592
[INFO] 2025-04-22 01:36:57 - Cantidad de productos a insertar: 0
[INFO] 2025-04-22 01:36:57 - Cantidad de productos a modificar: 14592
[INFO] 2025-04-22 01:37:42 - Cantidad de productos no categorizados: 493
[INFO] 2025-04-22 01:37:45 - Total de Productos recuperados en Diarco: 14592
[INFO] 2025-04-22 01:38:09 - Total de Productos recuperados en Connexa: 14789
[INFO] 2025-04-22 01:38:09 - Total de Productos en Connexa para marcar de inactivos: 197
[INFO] 2025-04-22 11:21:19 - Total de Productos recuperados en Diarco: 14592
[INFO] 2025-04-22 11:21:56 - Cantidad de productos a insertar: 0
[INFO] 2025-04-22 11:21:56 - Cantidad de productos a modificar: 14592
[INFO] 2025-04-22 11:22:40 - Cantidad de productos no categorizados: 493
[INFO] 2025-04-22 11:22:43 - Total de Productos recuperados en Diarco: 14592
[INFO] 2025-04-22 11:22:46 - Total de Productos recuperados en Connexa: 14789
[INFO] 2025-04-22 11:22:46 - Total de Productos en Connexa para marcar de inactivos: 197
